smash> smash> smash> smash> TEST
smash> smash> smash> smash> smash> smash> CMakeLists.txt
Commands.cpp
Commands.h
Makefile
README.md
README.txt
a.txt
cmake-build-debug
cmake-build-debug-student
du_test_dir
ext_file.txt
file.txt
file1.txt
inputs
outputs
red.txt
run_tests.py
signals.cpp
signals.h
smash
smash.cpp
smash> smash> smash> smash> [3] sleep 3 &
smash> smash error: fg: job-id 1 does not exist
smash> smash> nadav
1000
1000
/home/nadav
smash> smash> smash> smash error: unsetenv: BADVAR does not exist
smash> smash> smash: sending SIGKILL signal to 1 jobs:
600: sleep 3 &
